<?xml version="1.0" encoding="UTF-8"?>
<!-- Generated by org.testng.reporters.JUnitXMLReporter -->
<testsuite hostname="one_Click" ignored="0" name="Default test" tests="4" failures="0" timestamp="2021-04-14T13:05:56 EET" time="253.658" errors="0">
  <testcase name="feature" time="13.776" classname="cucumber.api.testng.AbstractTestNGCucumberTests"/>
  <testcase name="feature" time="3.966" classname="cucumber.api.testng.AbstractTestNGCucumberTests"/>
  <testcase name="feature" time="9.399" classname="cucumber.api.testng.AbstractTestNGCucumberTests"/>
  <testcase name="feature" time="18.319" classname="cucumber.api.testng.AbstractTestNGCucumberTests"/>
</testsuite> <!-- Default test -->
