<?xml version="1.0" encoding="UTF-8"?>
<!-- Generated by org.testng.reporters.JUnitXMLReporter -->
<testsuite hostname="one_Click" ignored="0" name="Test" tests="1" failures="1" timestamp="2020-06-21T19:38:24 EET" time="51.469" errors="0">
  <testcase name="usercanregister" time="7.271" classname="tests.registerpagetest">
    <failure type="java.lang.UnsupportedOperationException" message="You may only deselect options of a multi-select">
      <![CDATA[java.lang.UnsupportedOperationException: You may only deselect options of a multi-select
at org.openqa.selenium.support.ui.Select.deselectByVisibleText(Select.java:264)
at pages.Registerpage.selectstate(Registerpage.java:67)
at tests.registerpagetest.usercanregister(registerpagetest.java:38)
at java.util.ArrayList.forEach(Unknown Source)
... Removed 27 stack frames]]>
    </failure>
  </testcase> <!-- usercanregister -->
</testsuite> <!-- Test -->
